Searching for virtualenv
Best match: virtualenv 1.11.6
Processing virtualenv-1.11.6-py2.7.egg
virtualenv 1.11.6 is already the active version in easy-install.pth
Installing virtualenv script to /usr/local/bin
Installing virtualenv-2.7 script to /usr/local/bin

Using /usr/local/lib/python2.7/site-packages/virtualenv-1.11.6-py2.7.egg
Processing dependencies for virtualenv
Finished processing dependencies for virtualenv
New python executable in ./bin/python
Installing setuptools, pip...done.
Running virtualenv with interpreter /usr/bin/python
Searching for pip
Best match: pip 1.5.6
Adding pip 1.5.6 to easy-install.pth file
Installing pip script to /Users/eloy/version/git/goesdownloader/bin
Installing pip3.4 script to /Users/eloy/version/git/goesdownloader/bin
Installing pip3 script to /Users/eloy/version/git/goesdownloader/bin

Using /Users/eloy/version/git/goesdownloader/lib/python2.7/site-packages
Processing dependencies for pip
Finished processing dependencies for pip
